[2019-05-14 09:27:43] [ERROR] 请检查移动设备是否连接正常,异常信息list index out of range
[2019-05-14 09:33:23] [INFO] [driver_set.py]driver初始化‖platformVersion:7.1.2
,deviceName:0123456789ABCDEF
[2019-05-14 09:33:33] [INFO] [driver_set.py]启动接口为:4723,手机ID为：0123456789ABCDEF
[2019-05-14 09:37:04] [INFO] [driver_set.py]driver初始化‖platformVersion:7.1.2
,deviceName:0123456789ABCDEF
[2019-05-14 09:37:11] [INFO] [driver_set.py]启动接口为:4723,手机ID为：0123456789ABCDEF
[2019-05-14 09:37:20] [INFO] [driver_set.py]driver初始化‖platformVersion:7.1.2
,deviceName:0123456789ABCDEF
[2019-05-14 09:37:28] [INFO] [driver_set.py]启动接口为:4723,手机ID为：0123456789ABCDEF
[2019-05-14 09:38:05] [INFO] [driver_set.py]driver初始化‖platformVersion:7.1.2
,deviceName:0123456789ABCDEF
[2019-05-14 09:38:12] [INFO] [driver_set.py]启动接口为:4723,手机ID为：0123456789ABCDEF
[2019-05-14 09:39:45] [INFO] [driver_set.py]driver初始化‖platformVersion:7.1.2
,deviceName:0123456789ABCDEF
[2019-05-14 09:39:53] [INFO] [driver_set.py]启动接口为:4723,手机ID为：0123456789ABCDEF
[2019-05-14 09:43:07] [INFO] [driver_set.py]driver初始化‖platformVersion:7.1.2
,deviceName:0123456789ABCDEF
[2019-05-14 09:43:15] [INFO] [driver_set.py]启动接口为:4723,手机ID为：0123456789ABCDEF
[2019-05-14 09:44:09] [INFO] [driver_set.py]driver初始化‖platformVersion:7.1.2
,deviceName:0123456789ABCDEF
[2019-05-14 09:44:17] [INFO] [driver_set.py]启动接口为:4723,手机ID为：0123456789ABCDEF
[2019-05-14 09:48:52] [INFO] [driver_set.py]driver初始化‖platformVersion:7.1.2
,deviceName:0123456789ABCDEF
[2019-05-14 09:48:59] [INFO] [driver_set.py]启动接口为:4723,手机ID为：0123456789ABCDEF
[2019-05-14 09:50:19] [INFO] [driver_set.py]driver初始化‖platformVersion:7.1.2
,deviceName:0123456789ABCDEF
[2019-05-14 09:50:26] [INFO] [driver_set.py]启动接口为:4723,手机ID为：0123456789ABCDEF
[2019-05-14 09:52:23] [INFO] [driver_set.py]driver初始化‖platformVersion:7.1.2
,deviceName:0123456789ABCDEF
[2019-05-14 09:52:30] [INFO] [driver_set.py]启动接口为:4723,手机ID为：0123456789ABCDEF
[2019-05-14 09:57:44] [INFO] [driver_set.py]driver初始化‖platformVersion:7.1.2
,deviceName:0123456789ABCDEF
[2019-05-14 09:57:52] [INFO] [driver_set.py]启动接口为:4723,手机ID为：0123456789ABCDEF
[2019-05-14 09:57:52] [INFO] *************************taskCase0start*************************
[2019-05-14 09:57:54] [INFO] [basePage.py]已截屏并保存2019-05-14 09_57_52.png!
[2019-05-14 09:57:54] [INFO] ************************************taskCase0end*************************************
[2019-05-14 09:58:20] [INFO] [driver_set.py]driver初始化‖platformVersion:7.1.2
,deviceName:0123456789ABCDEF
[2019-05-14 09:58:28] [INFO] [driver_set.py]启动接口为:4723,手机ID为：0123456789ABCDEF
[2019-05-14 09:58:28] [INFO] *************************__main__start*************************
[2019-05-14 09:58:28] [INFO] *====================用例__main__\test_customer_001开始执行====================*
[2019-05-14 09:58:32] [INFO] [basePage.py]已截屏并保存2019-05-14 09_58_31.png!
[2019-05-14 09:58:33] [INFO] [basePage.py]已截屏并保存2019-05-14 09_58_32.png!
[2019-05-14 09:58:33] [INFO] ************************************__main__end*************************************
[2019-05-14 10:00:34] [INFO] [driver_set.py]driver初始化‖platformVersion:7.1.2
,deviceName:0123456789ABCDEF
[2019-05-14 10:00:41] [INFO] [driver_set.py]启动接口为:4723,手机ID为：0123456789ABCDEF
[2019-05-14 10:00:41] [INFO] *************************__main__start*************************
[2019-05-14 10:00:41] [INFO] *====================用例__main__\test_customer_001开始执行====================*
[2019-05-14 10:00:48] [INFO] [basePage.py]已截屏并保存2019-05-14 10_00_47.png!
[2019-05-14 10:00:52] [INFO] [basePage.py]已截屏并保存2019-05-14 10_00_51.png!
[2019-05-14 10:00:52] [INFO] *====================用例__main__\test_customer_001执行结束====================*
[2019-05-14 10:00:53] [INFO] [basePage.py]已截屏并保存2019-05-14 10_00_52.png!
[2019-05-14 10:00:54] [INFO] [basePage.py]已截屏并保存2019-05-14 10_00_53.png!
[2019-05-14 10:00:54] [INFO] ************************************__main__end*************************************
[2019-05-14 10:01:10] [INFO] [driver_set.py]driver初始化‖platformVersion:7.1.2
,deviceName:0123456789ABCDEF
[2019-05-14 10:01:18] [INFO] [driver_set.py]启动接口为:4723,手机ID为：0123456789ABCDEF
[2019-05-14 10:01:18] [INFO] *************************__main__start*************************
[2019-05-14 10:01:18] [INFO] *====================用例__main__\test_customer_001开始执行====================*
[2019-05-14 10:01:25] [INFO] [basePage.py]已截屏并保存2019-05-14 10_01_24.png!
[2019-05-14 10:01:29] [INFO] [basePage.py]已截屏并保存2019-05-14 10_01_28.png!
[2019-05-14 10:01:29] [INFO] *====================用例__main__\test_customer_001执行结束====================*
[2019-05-14 10:01:30] [INFO] [basePage.py]已截屏并保存2019-05-14 10_01_29.png!
[2019-05-14 10:01:30] [INFO] *====================用例__main__\test_customer_002开始执行====================*
[2019-05-14 10:05:25] [INFO] [driver_set.py]driver初始化‖platformVersion:7.1.2
,deviceName:0123456789ABCDEF
[2019-05-14 10:05:34] [INFO] [driver_set.py]启动接口为:4723,手机ID为：0123456789ABCDEF
[2019-05-14 10:05:53] [INFO] [driver_set.py]driver初始化‖platformVersion:7.1.2
,deviceName:0123456789ABCDEF
[2019-05-14 10:06:01] [INFO] [driver_set.py]启动接口为:4723,手机ID为：0123456789ABCDEF
[2019-05-14 10:06:02] [INFO] *************************__main__start*************************
[2019-05-14 10:06:02] [INFO] *====================用例__main__\test_customer_001开始执行====================*
[2019-05-14 10:06:11] [INFO] [basePage.py]已截屏并保存2019-05-14 10_06_10.png!
[2019-05-14 10:06:15] [INFO] [basePage.py]已截屏并保存2019-05-14 10_06_14.png!
[2019-05-14 10:06:15] [INFO] *====================用例__main__\test_customer_001执行结束====================*
[2019-05-14 10:06:16] [INFO] [basePage.py]已截屏并保存2019-05-14 10_06_15.png!
[2019-05-14 10:06:16] [INFO] *====================用例__main__\test_customer_002开始执行====================*
[2019-05-14 10:06:38] [ERROR] [basePage.py]寻找元素失败, 定位方式为uiautomator:请输入邮箱
[2019-05-14 10:06:38] [ERROR] [basePage.py]寻找元素失败, 定位方式为uiautomator:请输入邮箱
[2019-05-14 10:06:39] [INFO] [basePage.py]已截屏并保存2019-05-14 10_06_38.png!
[2019-05-14 10:06:39] [INFO] ************************************__main__end*************************************
[2019-05-14 10:10:41] [INFO] [driver_set.py]driver初始化‖platformVersion:7.1.2
,deviceName:0123456789ABCDEF
[2019-05-14 10:10:52] [INFO] [driver_set.py]driver初始化‖platformVersion:7.1.2
,deviceName:0123456789ABCDEF
[2019-05-14 10:11:00] [INFO] [driver_set.py]启动接口为:4723,手机ID为：0123456789ABCDEF
[2019-05-14 10:11:00] [INFO] *************************__main__start*************************
[2019-05-14 10:11:00] [INFO] *====================用例__main__\test_customer_001开始执行====================*
[2019-05-14 10:11:07] [INFO] [basePage.py]已截屏并保存2019-05-14 10_11_05.png!
[2019-05-14 10:11:11] [INFO] [basePage.py]已截屏并保存2019-05-14 10_11_10.png!
[2019-05-14 10:11:11] [INFO] *====================用例__main__\test_customer_001执行结束====================*
[2019-05-14 10:11:12] [INFO] [basePage.py]已截屏并保存2019-05-14 10_11_11.png!
[2019-05-14 10:11:12] [INFO] *====================用例__main__\test_customer_002开始执行====================*
[2019-05-14 10:12:55] [INFO] *====================用例__main__\test_customer_002执行结束====================*
[2019-05-14 10:12:56] [INFO] [basePage.py]已截屏并保存2019-05-14 10_12_55.png!
[2019-05-14 10:12:56] [INFO] ************************************__main__end*************************************
[2019-05-14 10:30:52] [INFO] [driver_set.py]driver初始化‖platformVersion:7.1.2
,deviceName:0123456789ABCDEF
[2019-05-14 10:31:01] [INFO] [driver_set.py]启动接口为:4723,手机ID为：0123456789ABCDEF
[2019-05-14 10:31:47] [INFO] [driver_set.py]driver初始化‖platformVersion:7.1.2
,deviceName:0123456789ABCDEF
[2019-05-14 10:31:55] [INFO] [driver_set.py]启动接口为:4723,手机ID为：0123456789ABCDEF
[2019-05-14 10:46:43] [INFO] [driver_set.py]driver初始化‖platformVersion:7.1.2
,deviceName:0123456789ABCDEF
[2019-05-14 10:46:51] [INFO] [driver_set.py]启动接口为:4723,手机ID为：0123456789ABCDEF
[2019-05-14 10:48:27] [INFO] [driver_set.py]driver初始化‖platformVersion:7.1.2
,deviceName:0123456789ABCDEF
[2019-05-14 10:48:35] [INFO] [driver_set.py]启动接口为:4723,手机ID为：0123456789ABCDEF
[2019-05-14 10:51:51] [INFO] [driver_set.py]driver初始化‖platformVersion:7.1.2
,deviceName:0123456789ABCDEF
[2019-05-14 10:51:59] [INFO] [driver_set.py]启动接口为:4723,手机ID为：0123456789ABCDEF
[2019-05-14 10:52:22] [INFO] [driver_set.py]driver初始化‖platformVersion:7.1.2
,deviceName:0123456789ABCDEF
[2019-05-14 10:52:30] [INFO] [driver_set.py]启动接口为:4723,手机ID为：0123456789ABCDEF
[2019-05-14 10:53:01] [INFO] [driver_set.py]driver初始化‖platformVersion:7.1.2
,deviceName:0123456789ABCDEF
[2019-05-14 10:53:09] [INFO] [driver_set.py]启动接口为:4723,手机ID为：0123456789ABCDEF
[2019-05-14 10:56:15] [INFO] [driver_set.py]driver初始化‖platformVersion:7.1.2
,deviceName:0123456789ABCDEF
[2019-05-14 10:56:23] [INFO] [driver_set.py]启动接口为:4723,手机ID为：0123456789ABCDEF
[2019-05-14 10:57:47] [INFO] [driver_set.py]driver初始化‖platformVersion:7.1.2
,deviceName:0123456789ABCDEF
[2019-05-14 10:57:54] [INFO] [driver_set.py]启动接口为:4723,手机ID为：0123456789ABCDEF
[2019-05-14 11:17:52] [INFO] [driver_set.py]driver初始化‖platformVersion:7.1.2
,deviceName:0123456789ABCDEF
[2019-05-14 11:18:00] [INFO] [driver_set.py]启动接口为:4723,手机ID为：0123456789ABCDEF
[2019-05-14 11:19:22] [INFO] [driver_set.py]driver初始化‖platformVersion:7.1.2
,deviceName:0123456789ABCDEF
[2019-05-14 11:19:30] [INFO] [driver_set.py]启动接口为:4723,手机ID为：0123456789ABCDEF
[2019-05-14 11:19:51] [INFO] [driver_set.py]driver初始化‖platformVersion:7.1.2
,deviceName:0123456789ABCDEF
[2019-05-14 11:19:59] [INFO] [driver_set.py]启动接口为:4723,手机ID为：0123456789ABCDEF
[2019-05-14 11:20:22] [INFO] [driver_set.py]driver初始化‖platformVersion:7.1.2
,deviceName:0123456789ABCDEF
[2019-05-14 11:20:30] [INFO] [driver_set.py]启动接口为:4723,手机ID为：0123456789ABCDEF
[2019-05-14 11:20:59] [INFO] [driver_set.py]driver初始化‖platformVersion:7.1.2
,deviceName:0123456789ABCDEF
[2019-05-14 11:21:06] [INFO] [driver_set.py]启动接口为:4723,手机ID为：0123456789ABCDEF
[2019-05-14 11:22:17] [INFO] [driver_set.py]driver初始化‖platformVersion:7.1.2
,deviceName:0123456789ABCDEF
[2019-05-14 11:22:25] [INFO] [driver_set.py]启动接口为:4723,手机ID为：0123456789ABCDEF
[2019-05-14 11:22:33] [ERROR] [basePage.py]寻找元素失败, 定位方式为id:com.ccigmall.b2c.android:id/search_input
[2019-05-14 11:37:18] [INFO] [driverSet.py]driver初始化‖platformVersion:7.1.2
,deviceName:0123456789ABCDEF
[2019-05-14 11:37:26] [INFO] [driverSet.py]启动接口为:4723,手机ID为：0123456789ABCDEF
[2019-05-14 13:51:23] [INFO] [driverSet.py]driver初始化‖platformVersion:7.1.2
,deviceName:0123456789ABCDEF
[2019-05-14 13:51:33] [INFO] [driverSet.py]启动接口为:4723,手机ID为：0123456789ABCDEF
[2019-05-14 14:08:21] [INFO] [driverSet.py]driver初始化‖platformVersion:7.1.2
,deviceName:0123456789ABCDEF
[2019-05-14 14:08:32] [INFO] [driverSet.py]启动接口为:4723,手机ID为：0123456789ABCDEF
[2019-05-14 14:08:39] [INFO] [driverSet.py]driver初始化‖platformVersion:7.1.2
,deviceName:0123456789ABCDEF
[2019-05-14 14:08:48] [INFO] [driverSet.py]启动接口为:4723,手机ID为：0123456789ABCDEF
[2019-05-14 14:10:51] [INFO] [driverSet.py]driver初始化‖platformVersion:7.1.2
,deviceName:0123456789ABCDEF
[2019-05-14 14:11:04] [INFO] [driverSet.py]driver初始化‖platformVersion:7.1.2
,deviceName:0123456789ABCDEF
[2019-05-14 14:11:14] [INFO] [driverSet.py]启动接口为:4723,手机ID为：0123456789ABCDEF
[2019-05-14 14:11:33] [ERROR] [basePage.py]页面中未能找到元素Message: UiSelector[INSTANCE=0, RESOURCE_ID=com.yunke.enterprisep:id/et_search_customer]

[2019-05-14 14:11:49] [INFO] [driverSet.py]driver初始化‖platformVersion:7.1.2
,deviceName:0123456789ABCDEF
[2019-05-14 14:11:59] [INFO] [driverSet.py]启动接口为:4723,手机ID为：0123456789ABCDEF
[2019-05-14 14:13:47] [INFO] [driverSet.py]driver初始化‖platformVersion:7.1.2
,deviceName:0123456789ABCDEF
[2019-05-14 14:13:56] [INFO] [driverSet.py]启动接口为:4723,手机ID为：0123456789ABCDEF
[2019-05-14 14:14:10] [INFO] [driverSet.py]driver初始化‖platformVersion:7.1.2
,deviceName:0123456789ABCDEF
[2019-05-14 14:14:20] [INFO] [driverSet.py]启动接口为:4723,手机ID为：0123456789ABCDEF
[2019-05-14 15:34:51] [INFO] [driverSet.py]driver初始化‖platformVersion:7.1.2
,deviceName:0123456789ABCDEF
[2019-05-14 15:35:00] [INFO] [driverSet.py]启动接口为:4723,手机ID为：0123456789ABCDEF
[2019-05-14 15:53:25] [INFO] [driverSet.py]driver初始化‖platformVersion:7.1.2
,deviceName:0123456789ABCDEF
[2019-05-14 15:53:34] [INFO] [driverSet.py]启动接口为:4723,手机ID为：0123456789ABCDEF
[2019-05-14 15:53:34] [INFO] *************************taskCase0start*************************
[2019-05-14 15:53:34] [INFO] *====================用例taskCase0\test_customer_001开始执行====================*
[2019-05-14 15:53:41] [INFO] [basePage.py]已截屏并保存2019-05-14 15_53_40.png!
[2019-05-14 15:53:45] [INFO] [basePage.py]已截屏并保存2019-05-14 15_53_44.png!
[2019-05-14 15:53:45] [INFO] *====================用例taskCase0\test_customer_001执行结束====================*
[2019-05-14 15:53:46] [INFO] [basePage.py]已截屏并保存2019-05-14 15_53_45.png!
[2019-05-14 15:53:46] [INFO] *====================用例taskCase0\test_customer_002开始执行====================*
