[2019-05-16 18:55:38] [INFO] [driverSet.py]driver初始化‖platformVersion:7.1.2
,deviceName:0123456789ABCDEF
[2019-05-16 18:55:48] [ERROR] [driverSet.py]appium启动失败,请检查appium服务是否开启；异常原因:HTTPConnectionPool(host='localhost', port=4723): Max retries exceeded with url: /wd/hub/session (Caused by NewConnectionError('<urllib3.connection.HTTPConnection object at 0x0000020D42F28B38>: Failed to establish a new connection: [WinError 10061] 由于目标计算机积极拒绝，无法连接。'))
[2019-05-16 18:56:16] [INFO] [driverSet.py]driver初始化‖platformVersion:,deviceName:0123456789ABCDEF
[2019-05-16 18:56:29] [INFO] [driverSet.py]启动接口为:4723,手机ID为：0123456789ABCDEF
[2019-05-16 18:56:29] [INFO] *************************taskCase0start*************************
[2019-05-16 18:56:29] [INFO] *====================用例taskCase0\test_customer_001开始执行====================*
[2019-05-16 18:56:37] [INFO] [basePage.py]已截屏并保存2019-05-16 18_56_36.png!
[2019-05-16 18:56:41] [INFO] [basePage.py]已截屏并保存2019-05-16 18_56_40.png!
[2019-05-16 18:56:41] [INFO] *====================用例taskCase0\test_customer_001执行结束====================*
[2019-05-16 18:56:43] [INFO] [basePage.py]已截屏并保存2019-05-16 18_56_41.png!
[2019-05-16 18:56:43] [INFO] *====================用例taskCase0\test_customer_002开始执行====================*
[2019-05-16 18:58:24] [INFO] *====================用例taskCase0\test_customer_002执行结束====================*
[2019-05-16 18:58:26] [INFO] [basePage.py]已截屏并保存2019-05-16 18_58_24.png!
[2019-05-16 18:58:26] [INFO] ************************************taskCase0end*************************************
[2019-05-16 19:10:49] [INFO] [driverSet.py]driver初始化‖platformVersion:7.1.2
,deviceName:0123456789ABCDEF
[2019-05-16 19:10:59] [INFO] [driverSet.py]启动接口为:4723,手机ID为：0123456789ABCDEF
[2019-05-16 19:10:59] [INFO] *************************taskCasestart*************************
[2019-05-16 19:10:59] [INFO] *====================用例taskCase\test_customer_001开始执行====================*
[2019-05-16 19:11:06] [INFO] [basePage.py]已截屏并保存2019-05-16 19_11_05.png!
[2019-05-16 19:11:11] [INFO] [basePage.py]已截屏并保存2019-05-16 19_11_09.png!
[2019-05-16 19:11:11] [INFO] *====================用例taskCase\test_customer_001执行结束====================*
[2019-05-16 19:11:12] [INFO] [basePage.py]已截屏并保存2019-05-16 19_11_11.png!
[2019-05-16 19:11:13] [INFO] [basePage.py]已截屏并保存2019-05-16 19_11_12.png!
[2019-05-16 19:11:13] [INFO] ************************************taskCaseend*************************************
[2019-05-16 19:11:13] [INFO] *************************taskCase0start*************************
[2019-05-16 19:11:13] [INFO] *====================用例taskCase0\test_customer_001开始执行====================*
[2019-05-16 19:11:19] [INFO] [basePage.py]已截屏并保存2019-05-16 19_11_18.png!
[2019-05-16 19:11:19] [INFO] dd
[2019-05-16 19:11:23] [INFO] [basePage.py]已截屏并保存2019-05-16 19_11_22.png!
[2019-05-16 19:11:23] [INFO] *====================用例taskCase0\test_customer_001执行结束====================*
[2019-05-16 19:11:24] [INFO] [basePage.py]已截屏并保存2019-05-16 19_11_23.png!
[2019-05-16 19:11:24] [INFO] *====================用例taskCase0\test_customer_002开始执行====================*
[2019-05-16 19:11:33] [ERROR] [basePage.py]寻找元素失败, 定位方式为uiautomator:录入客户
[2019-05-16 19:11:34] [INFO] [basePage.py]已截屏并保存2019-05-16 19_11_33.png!
[2019-05-16 19:11:34] [INFO] ************************************taskCase0end*************************************
[2019-05-16 19:12:44] [INFO] [driverSet.py]driver初始化‖platformVersion:7.1.2
,deviceName:0123456789ABCDEF
[2019-05-16 19:12:53] [INFO] [driverSet.py]启动接口为:4723,手机ID为：0123456789ABCDEF
[2019-05-16 19:12:53] [INFO] *************************taskCasestart*************************
[2019-05-16 19:12:53] [INFO] *====================用例taskCase\test_customer_001开始执行====================*
[2019-05-16 19:13:00] [INFO] [basePage.py]已截屏并保存2019-05-16 19_12_59.png!
[2019-05-16 19:13:04] [INFO] [basePage.py]已截屏并保存2019-05-16 19_13_03.png!
[2019-05-16 19:13:04] [INFO] *====================用例taskCase\test_customer_001执行结束====================*
[2019-05-16 19:13:05] [INFO] [basePage.py]已截屏并保存2019-05-16 19_13_04.png!
[2019-05-16 19:13:06] [INFO] [basePage.py]已截屏并保存2019-05-16 19_13_05.png!
[2019-05-16 19:13:06] [INFO] ************************************taskCaseend*************************************
[2019-05-16 19:13:06] [INFO] *************************taskCase0start*************************
[2019-05-16 19:13:06] [INFO] *====================用例taskCase0\test_customer_001开始执行====================*
[2019-05-16 19:13:13] [INFO] [basePage.py]已截屏并保存2019-05-16 19_13_12.png!
[2019-05-16 19:13:17] [INFO] [basePage.py]已截屏并保存2019-05-16 19_13_16.png!
[2019-05-16 19:13:17] [INFO] *====================用例taskCase0\test_customer_001执行结束====================*
[2019-05-16 19:13:18] [INFO] [basePage.py]已截屏并保存2019-05-16 19_13_17.png!
[2019-05-16 19:13:18] [INFO] *====================用例taskCase0\test_customer_002开始执行====================*
[2019-05-16 19:13:32] [ERROR] [basePage.py]寻找元素失败, 定位方式为uiautomator:录入客户
[2019-05-16 19:13:33] [INFO] [basePage.py]已截屏并保存2019-05-16 19_13_32.png!
[2019-05-16 19:13:33] [INFO] ************************************taskCase0end*************************************
